-------------------------------------------------------------------------------
Test set: com.restassured.tajawal.tests.createhotels.CreateHotelTest
-------------------------------------------------------------------------------
Tests run: 3, Failures: 0, Errors: 0, Skipped: 0, Time elapsed: 5.485 s - in com.restassured.tajawal.tests.createhotels.CreateHotelTest
shouldGetSuccessForValidRequests{String, CreateHotelRequestDTO}[1]  Time elapsed: 1.05 s
shouldGetSuccessForValidRequests{String, CreateHotelRequestDTO}[2]  Time elapsed: 1.032 s
shouldGetSuccessForValidRequests{String, CreateHotelRequestDTO}[3]  Time elapsed: 1.064 s
