-------------------------------------------------------------------------------
Test set: com.restassured.tajawal.tests.createhotels.CreateHotelTest
-------------------------------------------------------------------------------
Tests run: 3, Failures: 0, Errors: 0, Skipped: 0, Time elapsed: 5.547 s - in com.restassured.tajawal.tests.createhotels.CreateHotelTest
shouldGetSuccessForValidRequests{String, CreateHotelRequestDTO}[1]  Time elapsed: 1.492 s
shouldGetSuccessForValidRequests{String, CreateHotelRequestDTO}[2]  Time elapsed: 1.219 s
shouldGetSuccessForValidRequests{String, CreateHotelRequestDTO}[3]  Time elapsed: 1.112 s
